<?xml version="1.0" encoding="UTF-8"?>
<TestRun id="474fdcd2-4a53-4ee9-9009-562db986822d" name="Vale@VALE-PC 2015-05-26 17:30:10" runUser="Vale-PC\Vale" xmlns="http://microsoft.com/schemas/VisualStudio/TeamTest/2010">
  <TestSettings name="Local" id="01a899d6-b98a-4f8a-8b0b-4493fbbca751">
    <Description>Esta es la configuración de pruebas predeterminada para una ejecución de pruebas local.</Description>
    <Deployment enabled="false" runDeploymentRoot="Vale_VALE-PC 2015-05-26 17_30_10">
      <DeploymentItem filename="C:\Users\Vale\Documents\GitHub\MConline\MCTODO\McOnline\Entidades\bin\Debug\Entidades.dll" />
      <DeploymentItem filename="C:\Users\Vale\Documents\GitHub\MConline\MCTODO\McOnline\McDAO\bin\Debug\McDAO.dll" />
    </Deployment>
    <Execution>
      <TestTypeSpecific />
      <AgentRule name="Execution Agents">
      </AgentRule>
    </Execution>
  </TestSettings>
  <Times creation="2015-05-26T17:30:10.4226785-03:00" queuing="2015-05-26T17:30:10.5256843-03:00" start="2015-05-26T17:30:10.5476856-03:00" finish="2015-05-26T17:30:12.7678126-03:00" />
  <ResultSummary outcome="Failed">
    <Counters total="1" executed="1" error="0" failed="1" timeout="0" aborted="0" inconclusive="0" passedButRunAborted="0" notRunnable="0" notExecuted="0" disconnected="0" warning="0" passed="0" completed="0" inProgress="0" pending="0" />
  </ResultSummary>
  <TestDefinitions>
    <UnitTest name="verificarPasswdTest" storage="c:\users\vale\documents\github\mconline\mctodo\mconlines\unit test\bin\debug\unit test.dll" id="298083ec-6e57-1fde-8d53-85872f8a5a40">
      <Execution id="f1e9e919-4095-4ab0-8b92-d22ad20adfcd" />
      <TestMethod codeBase="C:/Users/Vale/Documents/GitHub/MConline/MCTODO/McOnlines/Unit Test/bin/Debug/Unit Test.DLL" adapterTypeName="Microsoft.VisualStudio.TestTools.TestTypes.Unit.UnitTestAdapter, Microsoft.VisualStudio.QualityTools.Tips.UnitTest.Adapter, Version=10.0.0.0, Culture=neutral, PublicKeyToken=b03f5f7f11d50a3a" className="Unit_Test.Login1DAOTest, Unit Test, Version=1.0.0.0, Culture=neutral, PublicKeyToken=null" name="verificarPasswdTest" />
    </UnitTest>
  </TestDefinitions>
  <TestLists>
    <TestList name="Resultados que no están en la lista" id="8c84fa94-04c1-424b-9868-57a2d4851a1d" />
    <TestList name="Todos los resultados cargados" id="19431567-8539-422a-85d7-44ee4e166bda" />
  </TestLists>
  <TestEntries>
    <TestEntry testId="298083ec-6e57-1fde-8d53-85872f8a5a40" executionId="f1e9e919-4095-4ab0-8b92-d22ad20adfcd" testListId="8c84fa94-04c1-424b-9868-57a2d4851a1d" />
  </TestEntries>
  <Results>
    <UnitTestResult executionId="f1e9e919-4095-4ab0-8b92-d22ad20adfcd" testId="298083ec-6e57-1fde-8d53-85872f8a5a40" testName="verificarPasswdTest" computerName="VALE-PC" duration="00:00:01.5093769" startTime="2015-05-26T17:30:10.6496914-03:00" endTime="2015-05-26T17:30:12.7178097-03:00" testType="13cdc9d9-ddb5-4fa4-a97d-d965ccfc6d4b" outcome="Failed" testListId="8c84fa94-04c1-424b-9868-57a2d4851a1d" relativeResultsDirectory="f1e9e919-4095-4ab0-8b92-d22ad20adfcd">
      <Output>
        <ErrorInfo>
          <Message>Error de Assert.AreEqual. Se esperaba &lt;True&gt;, pero es &lt;False&gt;. </Message>
          <StackTrace>   en Unit_Test.Login1DAOTest.verificarPasswdTest() en C:\Users\Vale\Documents\GitHub\MConline\MCTODO\McOnlines\Unit Test\Login1DAOTest.cs:línea 91
</StackTrace>
        </ErrorInfo>
      </Output>
    </UnitTestResult>
  </Results>
</TestRun>